22:45:40 **** Incremental Build of configuration Debug for project smarthome ****
make all 
Building file: ../main.c
Invoking: AVR Compiler
avr-gcc -Wall -g2 -gstabs -O0 -fpack-struct -fshort-enums -ffunction-sections -fdata-sections -std=gnu99 -funsigned-char -funsigned-bitfields -mmcu=atmega32 -DF_CPU=16000000UL -MMD -MP -MF"main.d" -MT"main.o" -c -o "main.o" "../main.c"
In file included from ../main.c:18:
c:/users/ali/lib/gcc/../../avr/include/util/delay.h:90:3: warning: #warning "Compiler optimizations disabled; functions from <util/delay.h> won't work as designed"
Finished building: ../main.c
 
Building target: smarthome.elf
Invoking: AVR C Linker
avr-gcc -Wl,-Map,smarthome.map -mmcu=atmega32 -o "smarthome.elf"  ./adc.o ./buzzer.o ./dcmotor.o ./flame.o ./gpio.o ./lcd.o ./ldr.o ./led.o ./lm35_sensor.o ./main.o ./pwm.o   
Finished building target: smarthome.elf
 
Invoking: AVR Create Extended Listing
avr-objdump -h -S smarthome.elf  >"smarthome.lss"
Finished building: smarthome.lss
 
Create Flash image (ihex format)
avr-objcopy -R .eeprom -R .fuse -R .lock -R .signature -O ihex smarthome.elf  "smarthome.hex"
Finished building: smarthome.hex
 
Invoking: Print Size
avr-size --format=avr --mcu=atmega32 smarthome.elf
AVR Memory Usage
----------------
Device: atmega32

Program:   10468 bytes (31.9% Full)
(.text + .data + .bootloader)

Data:        337 bytes (16.5% Full)
(.data + .bss + .noinit)


Finished building: sizedummy
 

22:45:41 Build Finished. 0 errors, 1 warnings. (took 777ms)

